<?xml version="1.0" encoding="UTF-8"?>
<!-- Generated by org.testng.reporters.JUnitReportReporter -->
<testsuite hostname="Roubas-MBP" failures="0" tests="1" name="SearchFeatureTests" time="65.301" errors="0" timestamp="2021-01-17T22:33:07 EET" skipped="0">
  <testcase classname="SearchFeatureTests" name="testSearchForProduct" time="65.301"/>
  <system-out/>
</testsuite> <!-- SearchFeatureTests -->
